[0516/080812.189:INFO:CONSOLE(82)] "You must enable Billing on the Google Cloud Project at https://console.cloud.google.com/project/_/billing/enable Learn more at https://developers.google.com/maps/gmp-get-started", source: https://maps.googleapis.com/maps/api/js?key=AIzaSyAUHynp54xyoYOWvfUUUH8c1pcexnmm7EI&callback=initMap (82)
[0516/080815.732:INFO:CONSOLE(22)] "Here I am !!!", source: https://cn1app/streams/1 (22)
[0516/081441.657:INFO:CONSOLE(82)] "You must enable Billing on the Google Cloud Project at https://console.cloud.google.com/project/_/billing/enable Learn more at https://developers.google.com/maps/gmp-get-started", source: https://maps.googleapis.com/maps/api/js?key=AIzaSyAUHynp54xyoYOWvfUUUH8c1pcexnmm7EI&callback=initMap (82)
[0516/081446.791:WARNING:spdy_session.cc(3365)] Received HEADERS for invalid stream 75
[0516/081446.834:WARNING:spdy_session.cc(3365)] Received HEADERS for invalid stream 77
[0516/081446.913:WARNING:spdy_session.cc(3365)] Received HEADERS for invalid stream 65
[0516/081446.924:WARNING:spdy_session.cc(3365)] Received HEADERS for invalid stream 67
[0516/081446.937:WARNING:spdy_session.cc(3365)] Received HEADERS for invalid stream 69
[0516/081446.942:WARNING:spdy_session.cc(3365)] Received HEADERS for invalid stream 71
[0516/081446.974:WARNING:spdy_session.cc(3365)] Received HEADERS for invalid stream 73
[0516/081447.307:WARNING:spdy_session.cc(3365)] Received HEADERS for invalid stream 87
[0516/081447.342:WARNING:spdy_session.cc(3365)] Received HEADERS for invalid stream 85
[0516/081447.386:WARNING:spdy_session.cc(3365)] Received HEADERS for invalid stream 93
[0516/081447.410:WARNING:spdy_session.cc(3365)] Received HEADERS for invalid stream 95
[0516/081447.426:WARNING:spdy_session.cc(3365)] Received HEADERS for invalid stream 91
[0516/081447.501:WARNING:spdy_session.cc(3365)] Received HEADERS for invalid stream 99
[0516/081447.524:WARNING:spdy_session.cc(3365)] Received HEADERS for invalid stream 97
[0516/081448.208:INFO:CONSOLE(22)] "Here I am !!!", source: https://cn1app/streams/1 (22)
[0516/081449.529:WARNING:spdy_session.cc(3365)] Received HEADERS for invalid stream 151
[0516/081449.615:WARNING:spdy_session.cc(3365)] Received HEADERS for invalid stream 157
[0516/081449.673:WARNING:spdy_session.cc(3365)] Received HEADERS for invalid stream 153
[0516/081449.761:WARNING:spdy_session.cc(3365)] Received HEADERS for invalid stream 155
[0516/081449.839:WARNING:spdy_session.cc(3365)] Received HEADERS for invalid stream 161
[0516/081449.908:WARNING:spdy_session.cc(3365)] Received HEADERS for invalid stream 159
[0516/081920.075:INFO:CONSOLE(82)] "You must enable Billing on the Google Cloud Project at https://console.cloud.google.com/project/_/billing/enable Learn more at https://developers.google.com/maps/gmp-get-started", source: https://maps.googleapis.com/maps/api/js?key=AIzaSyAUHynp54xyoYOWvfUUUH8c1pcexnmm7EI&callback=initMap (82)
[0516/081926.069:INFO:CONSOLE(22)] "Here I am !!!", source: https://cn1app/streams/1 (22)
[0516/082222.899:INFO:CONSOLE(82)] "You must enable Billing on the Google Cloud Project at https://console.cloud.google.com/project/_/billing/enable Learn more at https://developers.google.com/maps/gmp-get-started", source: https://maps.googleapis.com/maps/api/js?key=AIzaSyAUHynp54xyoYOWvfUUUH8c1pcexnmm7EI&callback=initMap (82)
[0516/082229.065:INFO:CONSOLE(22)] "Here I am !!!", source: https://cn1app/streams/1 (22)
[0516/082233.480:WARNING:spdy_session.cc(3365)] Received HEADERS for invalid stream 135
[0516/082233.503:WARNING:spdy_session.cc(3365)] Received HEADERS for invalid stream 137
[0516/082233.542:WARNING:spdy_session.cc(3365)] Received HEADERS for invalid stream 139
[0516/082313.634:INFO:CONSOLE(82)] "You must enable Billing on the Google Cloud Project at https://console.cloud.google.com/project/_/billing/enable Learn more at https://developers.google.com/maps/gmp-get-started", source: https://maps.googleapis.com/maps/api/js?key=AIzaSyAUHynp54xyoYOWvfUUUH8c1pcexnmm7EI&callback=initMap (82)
[0516/082322.964:INFO:CONSOLE(22)] "Here I am !!!", source: https://cn1app/streams/2 (22)
[0516/083338.006:INFO:CONSOLE(82)] "You must enable Billing on the Google Cloud Project at https://console.cloud.google.com/project/_/billing/enable Learn more at https://developers.google.com/maps/gmp-get-started", source: https://maps.googleapis.com/maps/api/js?key=AIzaSyAUHynp54xyoYOWvfUUUH8c1pcexnmm7EI&callback=initMap (82)
[0516/083343.922:INFO:CONSOLE(22)] "Here I am !!!", source: https://cn1app/streams/1 (22)
[0516/084247.914:INFO:CONSOLE(82)] "You must enable Billing on the Google Cloud Project at https://console.cloud.google.com/project/_/billing/enable Learn more at https://developers.google.com/maps/gmp-get-started", source: https://maps.googleapis.com/maps/api/js?key=AIzaSyAUHynp54xyoYOWvfUUUH8c1pcexnmm7EI&callback=initMap (82)
[0516/084250.047:WARNING:spdy_session.cc(3365)] Received HEADERS for invalid stream 95
[0516/084250.556:WARNING:spdy_session.cc(3365)] Received HEADERS for invalid stream 125
[0516/084250.576:WARNING:spdy_session.cc(3365)] Received HEADERS for invalid stream 127
[0516/084250.589:WARNING:spdy_session.cc(3365)] Received HEADERS for invalid stream 129
[0516/084250.599:WARNING:spdy_session.cc(3365)] Received HEADERS for invalid stream 131
[0516/084250.620:WARNING:spdy_session.cc(3365)] Received HEADERS for invalid stream 133
[0516/084255.003:INFO:CONSOLE(22)] "Here I am !!!", source: https://cn1app/streams/1 (22)
[0516/084559.885:INFO:CONSOLE(82)] "You must enable Billing on the Google Cloud Project at https://console.cloud.google.com/project/_/billing/enable Learn more at https://developers.google.com/maps/gmp-get-started", source: https://maps.googleapis.com/maps/api/js?key=AIzaSyAUHynp54xyoYOWvfUUUH8c1pcexnmm7EI&callback=initMap (82)
[0516/084601.731:WARNING:spdy_session.cc(3365)] Received HEADERS for invalid stream 1
[0516/084601.788:WARNING:spdy_session.cc(3365)] Received HEADERS for invalid stream 3
[0516/084601.829:WARNING:spdy_session.cc(3365)] Received HEADERS for invalid stream 5
[0516/084601.846:WARNING:spdy_session.cc(3365)] Received HEADERS for invalid stream 7
[0516/084601.865:WARNING:spdy_session.cc(3365)] Received HEADERS for invalid stream 11
[0516/084601.865:WARNING:spdy_session.cc(3365)] Received HEADERS for invalid stream 13
[0516/084601.865:WARNING:spdy_session.cc(3365)] Received HEADERS for invalid stream 15
[0516/084601.878:WARNING:spdy_session.cc(3365)] Received HEADERS for invalid stream 17
[0516/084601.917:WARNING:spdy_session.cc(3365)] Received HEADERS for invalid stream 19
[0516/084606.952:INFO:CONSOLE(22)] "Here I am !!!", source: https://cn1app/streams/1 (22)
[0516/084925.848:INFO:CONSOLE(82)] "You must enable Billing on the Google Cloud Project at https://console.cloud.google.com/project/_/billing/enable Learn more at https://developers.google.com/maps/gmp-get-started", source: https://maps.googleapis.com/maps/api/js?key=AIzaSyAUHynp54xyoYOWvfUUUH8c1pcexnmm7EI&callback=initMap (82)
[0516/084927.630:WARNING:spdy_session.cc(3365)] Received HEADERS for invalid stream 67
[0516/084927.630:WARNING:spdy_session.cc(3365)] Received HEADERS for invalid stream 69
[0516/084927.637:WARNING:spdy_session.cc(3365)] Received HEADERS for invalid stream 65
[0516/084927.637:WARNING:spdy_session.cc(3365)] Received HEADERS for invalid stream 77
[0516/084927.662:WARNING:spdy_session.cc(3365)] Received HEADERS for invalid stream 75
[0516/084927.671:WARNING:spdy_session.cc(3365)] Received HEADERS for invalid stream 71
[0516/084927.681:WARNING:spdy_session.cc(3365)] Received HEADERS for invalid stream 73
[0516/084928.085:WARNING:spdy_session.cc(3365)] Received HEADERS for invalid stream 101
[0516/084928.126:WARNING:spdy_session.cc(3365)] Received HEADERS for invalid stream 99
[0516/084928.176:WARNING:spdy_session.cc(3365)] Received HEADERS for invalid stream 105
[0516/084928.187:WARNING:spdy_session.cc(3365)] Received HEADERS for invalid stream 107
[0516/084928.212:WARNING:spdy_session.cc(3365)] Received HEADERS for invalid stream 111
[0516/084928.243:WARNING:spdy_session.cc(3365)] Received HEADERS for invalid stream 109
[0516/084928.255:WARNING:spdy_session.cc(3365)] Received HEADERS for invalid stream 97
[0516/084928.265:WARNING:spdy_session.cc(3365)] Received HEADERS for invalid stream 103
[0516/084933.194:INFO:CONSOLE(22)] "Here I am !!!", source: https://cn1app/streams/1 (22)
[0516/090332.966:INFO:CONSOLE(82)] "You must enable Billing on the Google Cloud Project at https://console.cloud.google.com/project/_/billing/enable Learn more at https://developers.google.com/maps/gmp-get-started", source: https://maps.googleapis.com/maps/api/js?key=AIzaSyAUHynp54xyoYOWvfUUUH8c1pcexnmm7EI&callback=initMap (82)
[0516/090335.560:WARNING:spdy_session.cc(3365)] Received HEADERS for invalid stream 123
[0516/090335.579:WARNING:spdy_session.cc(3365)] Received HEADERS for invalid stream 125
[0516/090335.597:WARNING:spdy_session.cc(3365)] Received HEADERS for invalid stream 127
[0516/090335.616:WARNING:spdy_session.cc(3365)] Received HEADERS for invalid stream 129
[0516/090335.629:WARNING:spdy_session.cc(3365)] Received HEADERS for invalid stream 131
[0516/090335.638:WARNING:spdy_session.cc(3365)] Received HEADERS for invalid stream 133
[0516/090335.658:WARNING:spdy_session.cc(3365)] Received HEADERS for invalid stream 135
[0516/090339.592:INFO:CONSOLE(22)] "Here I am !!!", source: https://cn1app/streams/1 (22)
[0516/091925.536:INFO:CONSOLE(82)] "You must enable Billing on the Google Cloud Project at https://console.cloud.google.com/project/_/billing/enable Learn more at https://developers.google.com/maps/gmp-get-started", source: https://maps.googleapis.com/maps/api/js?key=AIzaSyAUHynp54xyoYOWvfUUUH8c1pcexnmm7EI&callback=initMap (82)
[0516/091933.984:INFO:CONSOLE(22)] "Here I am !!!", source: https://cn1app/streams/1 (22)
[0516/091942.137:WARNING:spdy_session.cc(3365)] Received HEADERS for invalid stream 9
[0516/091942.175:WARNING:spdy_session.cc(3365)] Received HEADERS for invalid stream 11
[0516/091942.181:WARNING:spdy_session.cc(3365)] Received HEADERS for invalid stream 13
[0516/091942.191:WARNING:spdy_session.cc(3365)] Received HEADERS for invalid stream 15
[0516/091942.193:WARNING:spdy_session.cc(3365)] Received HEADERS for invalid stream 17
[0516/091942.198:WARNING:spdy_session.cc(3365)] Received HEADERS for invalid stream 19
[0516/091942.328:WARNING:spdy_session.cc(3365)] Received HEADERS for invalid stream 23
[0516/091942.337:WARNING:spdy_session.cc(3365)] Received HEADERS for invalid stream 25
[0516/091942.356:WARNING:spdy_session.cc(3365)] Received HEADERS for invalid stream 27
[0516/091942.371:WARNING:spdy_session.cc(3365)] Received HEADERS for invalid stream 29
[0516/091942.375:WARNING:spdy_session.cc(3365)] Received HEADERS for invalid stream 31
[0516/091942.388:WARNING:spdy_session.cc(3365)] Received HEADERS for invalid stream 33
[0516/092952.120:INFO:CONSOLE(82)] "You must enable Billing on the Google Cloud Project at https://console.cloud.google.com/project/_/billing/enable Learn more at https://developers.google.com/maps/gmp-get-started", source: https://maps.googleapis.com/maps/api/js?key=AIzaSyAUHynp54xyoYOWvfUUUH8c1pcexnmm7EI&callback=initMap (82)
[0516/092954.607:WARNING:spdy_session.cc(3365)] Received HEADERS for invalid stream 101
[0516/092954.623:WARNING:spdy_session.cc(3365)] Received HEADERS for invalid stream 103
[0516/092954.631:WARNING:spdy_session.cc(3365)] Received HEADERS for invalid stream 105
[0516/092954.654:WARNING:spdy_session.cc(3365)] Received HEADERS for invalid stream 107
[0516/092954.675:WARNING:spdy_session.cc(3365)] Received HEADERS for invalid stream 109
[0516/092954.681:WARNING:spdy_session.cc(3365)] Received HEADERS for invalid stream 111
[0516/092954.688:WARNING:spdy_session.cc(3365)] Received HEADERS for invalid stream 113
[0516/092954.697:WARNING:spdy_session.cc(3365)] Received HEADERS for invalid stream 115
[0516/092959.511:INFO:CONSOLE(22)] "Here I am !!!", source: https://cn1app/streams/1 (22)
[0516/093257.624:INFO:CONSOLE(82)] "You must enable Billing on the Google Cloud Project at https://console.cloud.google.com/project/_/billing/enable Learn more at https://developers.google.com/maps/gmp-get-started", source: https://maps.googleapis.com/maps/api/js?key=AIzaSyAUHynp54xyoYOWvfUUUH8c1pcexnmm7EI&callback=initMap (82)
[0516/093259.975:WARNING:spdy_session.cc(3365)] Received HEADERS for invalid stream 95
[0516/093304.775:INFO:CONSOLE(22)] "Here I am !!!", source: https://cn1app/streams/1 (22)
[0516/125731.849:INFO:CONSOLE(82)] "You must enable Billing on the Google Cloud Project at https://console.cloud.google.com/project/_/billing/enable Learn more at https://developers.google.com/maps/gmp-get-started", source: https://maps.googleapis.com/maps/api/js?key=AIzaSyAUHynp54xyoYOWvfUUUH8c1pcexnmm7EI&callback=initMap (82)
[0516/125739.856:INFO:CONSOLE(22)] "Here I am !!!", source: https://cn1app/streams/1 (22)
[0516/130040.892:WARNING:spdy_session.cc(3365)] Received HEADERS for invalid stream 41
[0516/130041.016:WARNING:spdy_session.cc(3365)] Received HEADERS for invalid stream 55
[0516/130041.917:WARNING:spdy_session.cc(3365)] Received HEADERS for invalid stream 127
[0516/130041.936:WARNING:spdy_session.cc(3365)] Received HEADERS for invalid stream 129
[0516/130041.961:WARNING:spdy_session.cc(3365)] Received HEADERS for invalid stream 131
[0516/130719.703:INFO:CONSOLE(82)] "You must enable Billing on the Google Cloud Project at https://console.cloud.google.com/project/_/billing/enable Learn more at https://developers.google.com/maps/gmp-get-started", source: https://maps.googleapis.com/maps/api/js?key=AIzaSyAUHynp54xyoYOWvfUUUH8c1pcexnmm7EI&callback=initMap (82)
[0516/130724.661:INFO:CONSOLE(22)] "Here I am !!!", source: https://cn1app/streams/1 (22)
[0517/222321.016:INFO:CONSOLE(82)] "You must enable Billing on the Google Cloud Project at https://console.cloud.google.com/project/_/billing/enable Learn more at https://developers.google.com/maps/gmp-get-started", source: https://maps.googleapis.com/maps/api/js?key=AIzaSyDsrbVKjCNa0_WPxVnfYzs8DYUQLmJ_T7I&callback=initMap (82)
[0517/222328.226:INFO:CONSOLE(22)] "Here I am !!!", source: https://cn1app/streams/1 (22)
[0517/222633.826:INFO:CONSOLE(82)] "You must enable Billing on the Google Cloud Project at https://console.cloud.google.com/project/_/billing/enable Learn more at https://developers.google.com/maps/gmp-get-started", source: https://maps.googleapis.com/maps/api/js?key=AIzaSyDsrbVKjCNa0_WPxVnfYzs8DYUQLmJ_T7I&callback=initMap (82)
[0517/222641.341:INFO:CONSOLE(22)] "Here I am !!!", source: https://cn1app/streams/1 (22)
[0517/222944.997:INFO:CONSOLE(82)] "Google Maps JavaScript API error: ApiNotActivatedMapError
https://developers.google.com/maps/documentation/javascript/error-messages#api-not-activated-map-error", source: https://maps.googleapis.com/maps/api/js?key=AIzaSyDmZhNPoN8ZH6TxBjBErJpRfPlHimxuGwg&callback=initMap (82)
[0517/222945.381:INFO:CONSOLE(220)] "Uncaught (in promise) TypeError: Cannot read property 'addEventListener' of undefined", source: https://maps.googleapis.com/maps/api/js?key=AIzaSyDmZhNPoN8ZH6TxBjBErJpRfPlHimxuGwg&callback=initMap (220)
[0517/222952.313:INFO:CONSOLE(22)] "Here I am !!!", source: https://cn1app/streams/1 (22)
[0517/223214.388:INFO:CONSOLE(82)] "You must enable Billing on the Google Cloud Project at https://console.cloud.google.com/project/_/billing/enable Learn more at https://developers.google.com/maps/gmp-get-started", source: https://maps.googleapis.com/maps/api/js?key=AIzaSyAtQkBxqj1nUxQIMU_tOayAcqXLEOqdsHg&callback=initMap (82)
[0517/223222.884:INFO:CONSOLE(22)] "Here I am !!!", source: https://cn1app/streams/1 (22)
[0517/223350.949:INFO:CONSOLE(82)] "You must enable Billing on the Google Cloud Project at https://console.cloud.google.com/project/_/billing/enable Learn more at https://developers.google.com/maps/gmp-get-started", source: https://maps.googleapis.com/maps/api/js?key=AIzaSyDsrbVKjCNa0_WPxVnfYzs8DYUQLmJ_T7I&callback=initMap (82)
[0517/223358.614:INFO:CONSOLE(22)] "Here I am !!!", source: https://cn1app/streams/1 (22)
[0518/094426.380:INFO:CONSOLE(82)] "You must enable Billing on the Google Cloud Project at https://console.cloud.google.com/project/_/billing/enable Learn more at https://developers.google.com/maps/gmp-get-started", source: https://maps.googleapis.com/maps/api/js?key=AIzaSyCkXxOwjszjo6fy3sJtNLF0zMiN6ToFL-k&callback=initMap (82)
[0518/094434.220:INFO:CONSOLE(22)] "Here I am !!!", source: https://cn1app/streams/1 (22)
[0518/094716.730:WARNING:spdy_session.cc(3365)] Received HEADERS for invalid stream 29
[0518/094716.745:WARNING:spdy_session.cc(3365)] Received HEADERS for invalid stream 31
[0518/094716.752:WARNING:spdy_session.cc(3365)] Received HEADERS for invalid stream 33
[0518/094716.768:WARNING:spdy_session.cc(3365)] Received HEADERS for invalid stream 35
[0518/100230.986:WARNING:spdy_session.cc(3365)] Received HEADERS for invalid stream 25
[0518/100232.024:INFO:CONSOLE(82)] "You must enable Billing on the Google Cloud Project at https://console.cloud.google.com/project/_/billing/enable Learn more at https://developers.google.com/maps/gmp-get-started", source: https://maps.googleapis.com/maps/api/js?key=AIzaSyCkXxOwjszjo6fy3sJtNLF0zMiN6ToFL-k&callback=initMap (82)
[0518/100238.499:INFO:CONSOLE(22)] "Here I am !!!", source: https://cn1app/streams/1 (22)
[0518/100811.976:INFO:CONSOLE(82)] "You must enable Billing on the Google Cloud Project at https://console.cloud.google.com/project/_/billing/enable Learn more at https://developers.google.com/maps/gmp-get-started", source: https://maps.googleapis.com/maps/api/js?key=AIzaSyDsrbVKjCNa0_WPxVnfYzs8DYUQLmJ_T7I&callback=initMap (82)
[0518/100819.607:INFO:CONSOLE(22)] "Here I am !!!", source: https://cn1app/streams/1 (22)
[0518/101139.632:INFO:CONSOLE(82)] "You must enable Billing on the Google Cloud Project at https://console.cloud.google.com/project/_/billing/enable Learn more at https://developers.google.com/maps/gmp-get-started", source: https://maps.googleapis.com/maps/api/js?key=AIzaSyDsrbVKjCNa0_WPxVnfYzs8DYUQLmJ_T7I&callback=initMap (82)
[0518/111942.455:INFO:CONSOLE(82)] "You must enable Billing on the Google Cloud Project at https://console.cloud.google.com/project/_/billing/enable Learn more at https://developers.google.com/maps/gmp-get-started", source: https://maps.googleapis.com/maps/api/js?key=AIzaSyDsrbVKjCNa0_WPxVnfYzs8DYUQLmJ_T7I&callback=initMap (82)
[0518/111948.099:INFO:CONSOLE(22)] "Here I am !!!", source: https://cn1app/streams/1 (22)
[0518/111954.571:WARNING:spdy_session.cc(3365)] Received HEADERS for invalid stream 1
[0518/111954.591:WARNING:spdy_session.cc(3365)] Received HEADERS for invalid stream 17
[0518/111954.596:WARNING:spdy_session.cc(3365)] Received HEADERS for invalid stream 7
[0518/111954.607:WARNING:spdy_session.cc(3365)] Received HEADERS for invalid stream 9
[0518/111954.630:WARNING:spdy_session.cc(3365)] Received HEADERS for invalid stream 19
[0518/111954.632:WARNING:spdy_session.cc(3365)] Received HEADERS for invalid stream 13
[0518/111954.637:WARNING:spdy_session.cc(3365)] Received HEADERS for invalid stream 11
[0518/135646.814:INFO:CONSOLE(82)] "You must enable Billing on the Google Cloud Project at https://console.cloud.google.com/project/_/billing/enable Learn more at https://developers.google.com/maps/gmp-get-started", source: https://maps.googleapis.com/maps/api/js?key=AIzaSyDsrbVKjCNa0_WPxVnfYzs8DYUQLmJ_T7I&callback=initMap (82)
[0518/135655.890:INFO:CONSOLE(22)] "Here I am !!!", source: https://cn1app/streams/1 (22)
[0518/140513.162:INFO:CONSOLE(82)] "You must enable Billing on the Google Cloud Project at https://console.cloud.google.com/project/_/billing/enable Learn more at https://developers.google.com/maps/gmp-get-started", source: https://maps.googleapis.com/maps/api/js?key=AIzaSyDsrbVKjCNa0_WPxVnfYzs8DYUQLmJ_T7I&callback=initMap (82)
[0518/140523.471:INFO:CONSOLE(22)] "Here I am !!!", source: https://cn1app/streams/1 (22)
[0518/141306.378:INFO:CONSOLE(82)] "You must enable Billing on the Google Cloud Project at https://console.cloud.google.com/project/_/billing/enable Learn more at https://developers.google.com/maps/gmp-get-started", source: https://maps.googleapis.com/maps/api/js?key=AIzaSyDsrbVKjCNa0_WPxVnfYzs8DYUQLmJ_T7I&callback=initMap (82)
[0518/141313.456:INFO:CONSOLE(22)] "Here I am !!!", source: https://cn1app/streams/1 (22)
[0518/141314.262:WARNING:spdy_session.cc(3365)] Received HEADERS for invalid stream 115
[0518/141314.293:WARNING:spdy_session.cc(3365)] Received HEADERS for invalid stream 117
[0518/141314.318:WARNING:spdy_session.cc(3365)] Received HEADERS for invalid stream 125
[0518/141314.341:WARNING:spdy_session.cc(3365)] Received HEADERS for invalid stream 121
[0518/141314.365:WARNING:spdy_session.cc(3365)] Received HEADERS for invalid stream 123
[0518/141314.514:WARNING:spdy_session.cc(3365)] Received HEADERS for invalid stream 143
[0518/141326.022:INFO:CONSOLE(82)] "You must enable Billing on the Google Cloud Project at https://console.cloud.google.com/project/_/billing/enable Learn more at https://developers.google.com/maps/gmp-get-started", source: https://maps.googleapis.com/maps/api/js?key=AIzaSyDsrbVKjCNa0_WPxVnfYzs8DYUQLmJ_T7I&callback=initMap (82)
[0518/141334.993:INFO:CONSOLE(22)] "Here I am !!!", source: https://cn1app/streams/2 (22)
